<?xml version="1.0" encoding="UTF-8"?>
<!-- Generated by org.testng.reporters.JUnitReportReporter -->
<testsuite skipped="0" hostname="DESKTOP-16PO92E" name="priority.TestNGGroupsDemo" tests="6" failures="0" timestamp="24 Dec 2019 15:20:40 GMT" time="0.040" errors="0">
  <testcase name="test1" time="0.020" classname="priority.TestNGGroupsDemo"/>
  <testcase name="test3" time="0.004" classname="priority.TestNGGroupsDemo"/>
  <testcase name="test6" time="0.004" classname="priority.TestNGGroupsDemo"/>
  <testcase name="test5" time="0.004" classname="priority.TestNGGroupsDemo"/>
  <testcase name="test4" time="0.004" classname="priority.TestNGGroupsDemo"/>
  <testcase name="test2" time="0.004" classname="priority.TestNGGroupsDemo"/>
</testsuite> <!-- priority.TestNGGroupsDemo -->
