<?xml version="1.0" encoding="UTF-8"?>
<!-- Generated by org.testng.reporters.JUnitReportReporter -->
<testsuite skipped="0" hostname="DESKTOP-16PO92E" name="test.ExtendReportsDemoWithTestNG" tests="2" failures="0" timestamp="14 Dec 2019 16:47:42 GMT" time="13.343" errors="0">
  <testcase name="test2" time="2.207" classname="test.ExtendReportsDemoWithTestNG"/>
  <testcase name="test1" time="11.136" classname="test.ExtendReportsDemoWithTestNG"/>
</testsuite> <!-- test.ExtendReportsDemoWithTestNG -->
