<?xml version="1.0" encoding="UTF-8"?>
<!-- Generated by org.testng.reporters.JUnitReportReporter -->
<testsuite skipped="0" hostname="DESKTOP-16PO92E" name="test.TestNgDemo1" tests="1" failures="0" timestamp="15 Dec 2019 08:49:46 GMT" time="15.851" errors="0">
  <testcase name="googleSearch3" time="15.851" classname="test.TestNgDemo1"/>
</testsuite> <!-- test.TestNgDemo1 -->
