<?xml version="1.0" encoding="UTF-8"?>
<!-- Generated by org.testng.reporters.JUnitReportReporter -->
<testsuite skipped="0" hostname="DESKTOP-16PO92E" name="test.TestNgDemo" tests="1" failures="0" timestamp="21 Dec 2019 16:48:45 GMT" time="7.036" errors="0">
  <testcase name="googleSearch" time="7.036" classname="test.TestNgDemo"/>
</testsuite> <!-- test.TestNgDemo -->
