<?xml version="1.0" encoding="UTF-8"?>
<!-- Generated by org.testng.reporters.JUnitReportReporter -->
<testsuite skipped="0" hostname="DESKTOP-16PO92E" name="priority.TestNGIgnoreDemo" tests="2" failures="0" timestamp="25 Dec 2019 07:00:27 GMT" time="0.022" errors="0">
  <testcase name="test2" time="0.022" classname="priority.TestNGIgnoreDemo"/>
  <testcase name="test3" time="0.000" classname="priority.TestNGIgnoreDemo"/>
</testsuite> <!-- priority.TestNGIgnoreDemo -->
