<?xml version="1.0" encoding="UTF-8"?>
<!-- Generated by org.testng.reporters.JUnitReportReporter -->
<testsuite skipped="0" hostname="DESKTOP-16PO92E" name="priority.TestNGParametersDemo" tests="1" failures="0" timestamp="24 Dec 2019 16:14:22 GMT" time="0.026" errors="0">
  <testcase name="test" time="0.026" classname="priority.TestNGParametersDemo"/>
</testsuite> <!-- priority.TestNGParametersDemo -->
