<?xml version="1.0" encoding="UTF-8"?>
<!-- Generated by org.testng.reporters.JUnitReportReporter -->
<testsuite skipped="0" hostname="DESKTOP-16PO92E" name="priority.TestNGDependencyDemo" tests="8" failures="0" timestamp="24 Dec 2019 17:48:58 GMT" time="0.043" errors="0">
  <testcase name="test9" time="0.004" classname="priority.TestNGDependencyDemo"/>
  <testcase name="test5" time="0.004" classname="priority.TestNGDependencyDemo"/>
  <testcase name="test6" time="0.000" classname="priority.TestNGDependencyDemo"/>
  <testcase name="test3" time="0.000" classname="priority.TestNGDependencyDemo"/>
  <testcase name="test4" time="0.015" classname="priority.TestNGDependencyDemo"/>
  <testcase name="test7" time="0.004" classname="priority.TestNGDependencyDemo"/>
  <testcase name="test1" time="0.000" classname="priority.TestNGDependencyDemo"/>
  <testcase name="test2" time="0.016" classname="priority.TestNGDependencyDemo"/>
</testsuite> <!-- priority.TestNGDependencyDemo -->
