<?xml version="1.0" encoding="UTF-8"?>
<!-- Generated by org.testng.reporters.JUnitReportReporter -->
<testsuite skipped="0" hostname="DESKTOP-16PO92E" name="test.TestNgDemo" tests="1" failures="0" timestamp="01 Jan 2020 14:28:45 GMT" time="14.626" errors="0">
  <testcase name="googleSearch" time="14.626" classname="test.TestNgDemo"/>
</testsuite> <!-- test.TestNgDemo -->
