<?xml version="1.0" encoding="UTF-8"?>
<!-- Generated by org.testng.reporters.JUnitReportReporter -->
<testsuite skipped="0" hostname="DESKTOP-16PO92E" name="utils.ExcelDataProvider" tests="3" failures="0" timestamp="22 Dec 2019 18:32:35 GMT" time="18.148" errors="0">
  <testcase name="test1" time="4.226" classname="utils.ExcelDataProvider"/>
  <testcase name="test1" time="8.865" classname="utils.ExcelDataProvider"/>
  <testcase name="test1" time="5.057" classname="utils.ExcelDataProvider"/>
</testsuite> <!-- utils.ExcelDataProvider -->
