<?xml version="1.0" encoding="UTF-8"?>
<!-- Generated by org.testng.reporters.JUnitReportReporter -->
<testsuite skipped="0" hostname="DESKTOP-16PO92E" name="priority.TestNGPriorityDemo" tests="4" failures="0" timestamp="24 Dec 2019 09:41:01 GMT" time="0.037" errors="0">
  <testcase name="four" time="0.029" classname="priority.TestNGPriorityDemo"/>
  <testcase name="two" time="0.002" classname="priority.TestNGPriorityDemo"/>
  <testcase name="three" time="0.003" classname="priority.TestNGPriorityDemo"/>
  <testcase name="one" time="0.003" classname="priority.TestNGPriorityDemo"/>
</testsuite> <!-- priority.TestNGPriorityDemo -->
