<?xml version="1.0" encoding="UTF-8"?>
<!-- Generated by org.testng.reporters.JUnitReportReporter -->
<testsuite skipped="1" hostname="DESKTOP-16PO92E" name="listeners.TestNGListenerDemo1" tests="3" failures="0" timestamp="24 Dec 2019 07:14:31 GMT" time="0.016" errors="0">
  <testcase name="test5" time="0.008" classname="listeners.TestNGListenerDemo1"/>
  <testcase name="test6" time="0.004" classname="listeners.TestNGListenerDemo1">
    <skipped/>
  </testcase> <!-- test6 -->
  <testcase name="test4" time="0.004" classname="listeners.TestNGListenerDemo1"/>
</testsuite> <!-- listeners.TestNGListenerDemo1 -->
